/BATCH  
/COM,ANSYS RELEASE 2024 R1           BUILD 24.1      UP20231106       18:24:40
/input,menust,tmp,''
/GRA,POWER
/GST,ON
/PLO,INFO,3
/GRO,CURL,ON
/CPLANE,1   
/REPLOT,RESIZE  
WPSTYLE,,,,,,,,0
/INPUT,'FEM_Project_v0','txt','C:\Users\feder\Desktop\FEM\PROJECT\Ansys\',, 0   
/COM,ANSYS RELEASE 2024 R1           BUILD 24.1      UP20231106       18:25:01
/POST1  
PLDISP,1
PLDISP,1
/REPLOT,RESIZE  
FINISH  
/CLEAR, START, NEW  
/COM,ANSYS RELEASE 2024 R1           BUILD 24.1      UP20231106       18:43:26
/input,start,ans,'D:\Ansys\ANSYS Inc\ANSYS Student\v241\ANSYS\apdl\'
/REPLOT,RESIZE  
/FILNAME,FEM_Project_v1 
/TITLE,Vertical blade mixer 
*SET,L1 , 1400  
*SET,L2 , 1200  
*SET,L3 , 1400  
*SET,H , 300
*SET,H1 , 1200  
*SET,W3 , 150   
*SET,H3 , 180   
*SET,TS , 10
*SET,TS1 , 12   
*SET,H2 , 120   
*SET,E_Young , 210000   
*SET,ni , 0.29  
*SET,F1 , 2870  
*SET,F2 , 5340  
*SET,ZofBlade , 41.1818 
*SET,E_length , 100 
*SET,Eps , 1E-4 
/PREP7  
ET,1,BEAM189
SECTYPE,1,BEAM,HREC 
SECDATA,H3,W3,TS,TS,TS,TS   
SECTYPE,2,beam,mesh, pale   
SECREAD, pale, sect,,mesh   
MP,EX,1,E_Young 
MP,PRXY,1,ni
MP,dens,1,density   
K,1,0,0,0   
K,2,L1,0,0  
K,3,L1+L2,0,0   
K,4,L1+L2+L3,0,0
L,1,2   
L,2,3   
L,3,4   
LESIZE,all,E_length 
TYPE,1  
MAT,1   
SECNUM,1
LMESH,all   
Lsel,u,line,,all
K,10,L1,0,-W3/2+ZofBlade+(W3-(H2+TS1))/2
K,11,L1,-(H3/2),-W3/2+ZofBlade+(W3-(H2+TS1))/2  
K,12,L1,-(H3/2)-H,-W3/2+ZofBlade+(W3-(H2+TS1))/2
K,13,L1,-(H3/2)-H-H1,-W3/2+ZofBlade+(W3-(H2+TS1))/2 
K,14,L1,-(H3/2)-H-(H1/2),-W3/2+ZofBlade+(W3-(H2+TS1))/2 
L,10,11 
L,11,12 
L,12,13 
LESIZE,2,E_length   
LESIZE,2,E_length   
!*  
/DIST, 1 ,1.082226,1
/REP,FAST   
/DIST, 1 ,1.082226,1
/REP,FAST   
/DIST, 1 ,1.082226,1
/REP,FAST   
/DIST, 1 ,0.924021,1
/REP,FAST   
/DIST, 1 ,0.924021,1
/REP,FAST   
/DIST, 1 ,0.924021,1
/REP,FAST   
/DIST, 1 ,0.924021,1
/REP,FAST   
/DIST, 1 ,0.924021,1
/REP,FAST   
/DIST, 1 ,0.924021,1
/REP,FAST   
/DIST, 1 ,0.924021,1
/REP,FAST   
/DIST, 1 ,0.924021,1
/REP,FAST   
/DIST, 1 ,0.924021,1
/REP,FAST   
/DIST, 1 ,0.924021,1
/REP,FAST   
/DIST, 1 ,0.924021,1
/REP,FAST   
FINISH  
! /EXIT,NOSAV   
/BATCH  
/COM,ANSYS RELEASE 2024 R1           BUILD 24.1      UP20231106       22:09:35
/input,menust,tmp,''
/GRA,POWER
/GST,ON
/PLO,INFO,3
/GRO,CURL,ON
/CPLANE,1   
/REPLOT,RESIZE  
WPSTYLE,,,,,,,,0
/INPUT,'FEM_Project_v1','txt','C:\Users\feder\Desktop\FEM\PROJECT\Ansys\',, 0   
/COM,ANSYS RELEASE 2024 R1           BUILD 24.1      UP20231106       22:09:46
/REPLOT,RESIZE  
!*  
/SHRINK,0   
/ESHAPE,1.0 
/EFACET,1   
/RATIO,1,1,1
/CFORMAT,32,0   
/REPLOT 
!*  
!*  
/SHRINK,0   
/ESHAPE,1   
/EFACET,1   
/RATIO,1,1,1
/CFORMAT,32,0   
/REPLOT 
!*  
/ANG, 1 ,-30.000000,YS,1
/REP,FAST   
/ANG, 1 ,-30.000000,YS,1
/REP,FAST   
/ANG, 1 ,-30.000000,YS,1
/REP,FAST   
/ANG, 1 ,-30.000000,YS,1
/REP,FAST   
/ANG, 1 ,-30.000000,YS,1
/REP,FAST   
/ANG, 1 ,-30.000000,YS,1
/REP,FAST   
/ANG, 1 ,-30.000000,YS,1
/REP,FAST   
/ANG, 1 ,-30.000000,YS,1
/REP,FAST   
/ANG, 1 ,-30.000000,YS,1
/REP,FAST   
/ANG, 1 ,-30.000000,YS,1
/REP,FAST   
/ANG, 1 ,-30.000000,YS,1
/REP,FAST   
/USER,  1   
/VIEW,  1, -0.851886741820    ,  0.160418092073E-01,  0.523480314308
/ANG,   1,  -2.45751117194  
/REPLO  
/VIEW,  1, -0.768980327035    ,  0.130954648968    ,  0.625715699457
/ANG,   1,  -1.85336855601  
/REPLO  
/VIEW,  1, -0.696898259240    ,  0.325898273952    ,  0.638845154403
/ANG,   1,  -1.20660735531  
/REPLO  
/VIEW,  1, -0.748315751984    ,  0.308713102943    ,  0.587128397715
/ANG,   1,  -2.52139239763  
/REPLO  
/VIEW,  1, -0.818429656910    ,  0.162473946271    ,  0.551157975060
/ANG,   1,  -3.59409491052  
/REPLO  
/VIEW,  1, -0.856336625673    ,  0.185438668285    ,  0.481975190062
/ANG,   1,   1.95496710041  
/REPLO  
/VIEW,  1, -0.838417044437    ,  0.105597720065    ,  0.534701768385
/ANG,   1,   2.50853172150  
/REPLO  
/VIEW,  1, -0.848102049503    ,  0.123375113488    ,  0.515268371822
/ANG,   1,   1.02307942474  
/REPLO  
/VIEW,  1, -0.910224019563    ,  0.140510792431    ,  0.389549677732
/ANG,   1,  -1.46448727009  
/REPLO  
/VIEW,  1, -0.891658732468    ,  0.167209442923    ,  0.420696692417
/ANG,   1,  -1.18931690850  
/REPLO  
/VIEW,  1, -0.884916287278    ,  0.208339980654    ,  0.416554458590
/ANG,   1,  -1.19888205661  
/REPLO  
!*  
SECPLOT,2,0 
!*  
!*  
SECPLOT,2,0 
!*  
FINISH  
! /EXIT,NOSAV   
